Unity Editor version:    2021.3.10f1 (1c7d0df0160b)
Branch:                  2021.3/staging
Build type:              Release
Batch mode:              YES
macOS version:           Version 12.6 (Build 21G115)
Darwin version:          21.6.0
Architecture:            x86_64
Running under Rosetta:   NO
Available memory:        16384 MB
Using pre-set license
Pro License: YES

COMMAND LINE ARGUMENTS:
/Users/graceho/Unity/2021.3.10f1/Unity.app/Contents/MacOS/Unity
-adb2
-batchMode
-noUpm
-name
AssetImportWorker0
-projectPath
/Users/graceho/UCSC/classes/CMPM121/graveyardscene/graveyard
-logFile
Logs/AssetImportWorker0.log
-srvPort
53463
Successfully changed project path to: /Users/graceho/UCSC/classes/CMPM121/graveyardscene/graveyard
/Users/graceho/UCSC/classes/CMPM121/graveyardscene/graveyard
[UnityMemory] Configuration Parameters - Can be set up in boot.config
    "memorysetup-bucket-allocator-granularity=16"
    "memorysetup-bucket-allocator-bucket-count=8"
    "memorysetup-bucket-allocator-block-size=33554432"
    "memorysetup-bucket-allocator-block-count=8"
    "memorysetup-main-allocator-block-size=16777216"
    "memorysetup-thread-allocator-block-size=16777216"
    "memorysetup-gfx-main-allocator-block-size=16777216"
    "memorysetup-gfx-thread-allocator-block-size=16777216"
    "memorysetup-cache-allocator-block-size=4194304"
    "memorysetup-typetree-allocator-block-size=2097152"
    "memorysetup-profiler-bucket-allocator-granularity=16"
    "memorysetup-profiler-bucket-allocator-bucket-count=8"
    "memorysetup-profiler-bucket-allocator-block-size=33554432"
    "memorysetup-profiler-bucket-allocator-block-count=8"
    "memorysetup-profiler-allocator-block-size=16777216"
    "memorysetup-profiler-editor-allocator-block-size=1048576"
    "memorysetup-temp-allocator-size-main=16777216"
    "memorysetup-job-temp-allocator-block-size=2097152"
    "memorysetup-job-temp-allocator-block-size-background=1048576"
    "memorysetup-job-temp-allocator-reduction-small-platforms=262144"
    "memorysetup-temp-allocator-size-background-worker=32768"
    "memorysetup-temp-allocator-size-job-worker=262144"
    "memorysetup-temp-allocator-size-preload-manager=33554432"
    "memorysetup-temp-allocator-size-nav-mesh-worker=65536"
    "memorysetup-temp-allocator-size-audio-worker=65536"
    "memorysetup-temp-allocator-size-cloud-worker=32768"
    "memorysetup-temp-allocator-size-gi-baking-worker=262144"
    "memorysetup-temp-allocator-size-gfx=262144"
Refreshing native plugins compatible for Editor in 106.62 ms, found 2 plugins.
Preloading 0 native plugins for Editor in 0.00 ms.
Initialize engine version: 2021.3.10f1 (1c7d0df0160b)
[Subsystems] Discovering subsystems at path /Users/graceho/Unity/2021.3.10f1/Unity.app/Contents/Resources/UnitySubsystems
[Subsystems] Discovering subsystems at path /Users/graceho/UCSC/classes/CMPM121/graveyardscene/graveyard/Assets
GfxDevice: creating device client; threaded=0; jobified=0
HP 24uh preferred device: Intel(R) Iris(TM) Plus Graphics 655 (low power)
Metal devices available: 1
0: Intel(R) Iris(TM) Plus Graphics 655 (low power)
Using device Intel(R) Iris(TM) Plus Graphics 655 (low power)
Initializing Metal device caps: Intel(R) Iris(TM) Plus Graphics 655
Initialize mono
Mono path[0] = '/Users/graceho/Unity/2021.3.10f1/Unity.app/Contents/Managed'
Mono path[1] = '/Users/graceho/Unity/2021.3.10f1/Unity.app/Contents/MonoBleedingEdge/lib/mono/unityjit-macos'
Mono config path = '/Users/graceho/Unity/2021.3.10f1/Unity.app/Contents/MonoBleedingEdge/etc'
Using monoOptions --debugger-agent=transport=dt_socket,embedding=1,server=y,suspend=n,address=127.0.0.1:56942
Begin MonoManager ReloadAssembly
Registering precompiled unity dll's ...
Register platform support module: /Users/graceho/Unity/2021.3.10f1/Unity.app/Contents/PlaybackEngines/MacStandaloneSupport/UnityEditor.OSXStandalone.Extensions.dll
Registered in 0.000667 seconds.
Native extension for OSXStandalone target not found
Refreshing native plugins compatible for Editor in 107.72 ms, found 2 plugins.
Preloading 0 native plugins for Editor in 0.00 ms.
Mono: successfully reloaded assembly
- Completed reload, in  0.854 seconds
Domain Reload Profiling:
	ReloadAssembly (855ms)
		BeginReloadAssembly (68ms)
			ExecutionOrderSort (0ms)
			DisableScriptedObjects (0ms)
			BackupInstance (0ms)
			ReleaseScriptingObjects (0ms)
			CreateAndSetChildDomain (1ms)
		EndReloadAssembly (638ms)
			LoadAssemblies (67ms)
			RebuildTransferFunctionScriptingTraits (0ms)
			SetupTypeCache (162ms)
			ReleaseScriptCaches (0ms)
			RebuildScriptCaches (46ms)
			SetupLoadedEditorAssemblies (366ms)
				LogAssemblyErrors (0ms)
				InitializePlatformSupportModulesInManaged (7ms)
				SetLoadedEditorAssemblies (1ms)
				RefreshPlugins (108ms)
				BeforeProcessingInitializeOnLoad (1ms)
				ProcessInitializeOnLoadAttributes (191ms)
				ProcessInitializeOnLoadMethodAttributes (58ms)
				AfterProcessingInitializeOnLoad (0ms)
				EditorAssembliesLoaded (0ms)
			ExecutionOrderSort2 (0ms)
			AwakeInstancesAfterBackupRestoration (0ms)
Platform modules already initialized, skipping
Registering precompiled user dll's ...
Registered in 0.002562 seconds.
Begin MonoManager ReloadAssembly
Symbol file LoadedFromMemory doesn't match image /Users/graceho/UCSC/classes/CMPM121/graveyardscene/graveyard/Library/PackageCache/com.unity.visualscripting@1.7.8/Editor/VisualScripting.Core/Dependencies/YamlDotNet/Unity.VisualScripting.YamlDotNet.dll
Symbol file LoadedFromMemory doesn't match image /Users/graceho/UCSC/classes/CMPM121/graveyardscene/graveyard/Library/PackageCache/com.unity.visualscripting@1.7.8/Editor/VisualScripting.Core/Dependencies/DotNetZip/Unity.VisualScripting.IonicZip.dll
Native extension for OSXStandalone target not found
Refreshing native plugins compatible for Editor in 0.64 ms, found 2 plugins.
Preloading 0 native plugins for Editor in 0.00 ms.
Mono: successfully reloaded assembly
- Completed reload, in  1.327 seconds
Domain Reload Profiling:
	ReloadAssembly (1328ms)
		BeginReloadAssembly (123ms)
			ExecutionOrderSort (0ms)
			DisableScriptedObjects (9ms)
			BackupInstance (0ms)
			ReleaseScriptingObjects (0ms)
			CreateAndSetChildDomain (27ms)
		EndReloadAssembly (1055ms)
			LoadAssemblies (75ms)
			RebuildTransferFunctionScriptingTraits (0ms)
			SetupTypeCache (371ms)
			ReleaseScriptCaches (1ms)
			RebuildScriptCaches (71ms)
			SetupLoadedEditorAssemblies (469ms)
				LogAssemblyErrors (0ms)
				InitializePlatformSupportModulesInManaged (5ms)
				SetLoadedEditorAssemblies (1ms)
				RefreshPlugins (1ms)
				BeforeProcessingInitializeOnLoad (99ms)
				ProcessInitializeOnLoadAttributes (325ms)
				ProcessInitializeOnLoadMethodAttributes (37ms)
				AfterProcessingInitializeOnLoad (1ms)
				EditorAssembliesLoaded (0ms)
			ExecutionOrderSort2 (0ms)
			AwakeInstancesAfterBackupRestoration (5ms)
Platform modules already initialized, skipping
========================================================================
Worker process is ready to serve import requests
Launching external process: /Users/graceho/Unity/2021.3.10f1/Unity.app/Contents/Tools/UnityShaderCompiler
Launched and connected shader compiler UnityShaderCompiler after 0.07 seconds
Refreshing native plugins compatible for Editor in 0.62 ms, found 2 plugins.
Preloading 0 native plugins for Editor in 0.00 ms.
Unloading 3380 Unused Serialized files (Serialized files now loaded: 0)
Unloading 26 unused Assets / (134.1 KB). Loaded Objects now: 3857.
Memory consumption went from 236.2 MB to 236.1 MB.
Total: 4.450761 ms (FindLiveObjects: 0.398271 ms CreateObjectMapping: 0.291517 ms MarkObjects: 3.651576 ms  DeleteObjects: 0.108361 ms)

AssetImportParameters requested are different than current active one (requested -> active):
  custom:video-decoder-ogg-theora: a1e56fd34408186e4bbccfd4996cb3dc -> 
  custom:container-muxer-webm: aa71ff27fc2769a1b78a27578f13a17b -> 
  custom:container-demuxer-webm: 4f35f7cbe854078d1ac9338744f61a02 -> 
  custom:video-encoder-webm-vp8: eb34c28f22e8b96e1ab97ce403110664 -> 
  custom:framework-osx-AVFoundation: e770b220cccbd017edd2c1fefb359320 -> 
  custom:audio-encoder-webm-vorbis: bf7c407c2cedff20999df2af8eb42d56 -> 
  custom:container-demuxer-ogg: 62fdf1f143b41e24485cea50d1cbac27 -> 
  custom:video-decoder-webm-vp8: 9c59270c3fd7afecdb556c50c9e8de78 -> 
  custom:audio-decoder-ogg-vorbis: bf7c407c2cedff20999df2af8eb42d56 -> 
========================================================================
Received Import Request.
  Time since last request: 202268.154074 seconds.
  path: Assets/Low Poly Graveyard
  artifactKey: Guid(fde4999f9f76242c983dd0e6087d2c12) Importer(815301076,1909f56bfc062723c751e8b465ee728b)
Start importing Assets/Low Poly Graveyard using Guid(fde4999f9f76242c983dd0e6087d2c12) Importer(815301076,1909f56bfc062723c751e8b465ee728b)  -> (artifact id: '2ebb94987c0d3f9887db89a739bbaa11') in 0.007095 seconds 
========================================================================
Received Import Request.
  Time since last request: 35.163720 seconds.
  path: Assets/Low Poly Graveyard/Prefabs
  artifactKey: Guid(6da0f78b63651cf4094643d845b39364) Importer(815301076,1909f56bfc062723c751e8b465ee728b)
Start importing Assets/Low Poly Graveyard/Prefabs using Guid(6da0f78b63651cf4094643d845b39364) Importer(815301076,1909f56bfc062723c751e8b465ee728b)  -> (artifact id: '6e9c7bedb94a1e0dad234e6b05e602e8') in 0.000887 seconds 
========================================================================
Received Import Request.
  Time since last request: 0.064806 seconds.
  path: Assets/Low Poly Graveyard/Prefabs/BigTomb.prefab
  artifactKey: Guid(a936493c3db40c94b9dc35072ecd6e06) Importer(815301076,1909f56bfc062723c751e8b465ee728b)
Start importing Assets/Low Poly Graveyard/Prefabs/BigTomb.prefab using Guid(a936493c3db40c94b9dc35072ecd6e06) Importer(815301076,1909f56bfc062723c751e8b465ee728b)  -> (artifact id: '8e1fe6286ebc06cc06ec14899b32a7f8') in 0.643135 seconds 
========================================================================
Received Import Request.
  Time since last request: 0.000096 seconds.
  path: Assets/Low Poly Graveyard/Prefabs/tombstone1.prefab
  artifactKey: Guid(9985664bcafd2294ab144a8bee41b3a7) Importer(815301076,1909f56bfc062723c751e8b465ee728b)
Start importing Assets/Low Poly Graveyard/Prefabs/tombstone1.prefab using Guid(9985664bcafd2294ab144a8bee41b3a7) Importer(815301076,1909f56bfc062723c751e8b465ee728b)  -> (artifact id: '0a2c19d57a9ef7c1884bdaa442ba23a8') in 0.016784 seconds 
========================================================================
Received Import Request.
  Time since last request: 0.000061 seconds.
  path: Assets/Low Poly Graveyard/Prefabs/cross3.prefab
  artifactKey: Guid(5877b7f391c9e474e94282600de544d8) Importer(815301076,1909f56bfc062723c751e8b465ee728b)
Start importing Assets/Low Poly Graveyard/Prefabs/cross3.prefab using Guid(5877b7f391c9e474e94282600de544d8) Importer(815301076,1909f56bfc062723c751e8b465ee728b)  -> (artifact id: '0bfd20a3af8f0aedec86d468048aadb4') in 0.035628 seconds 
========================================================================
Received Import Request.
  Time since last request: 0.000062 seconds.
  path: Assets/Low Poly Graveyard/Prefabs/humanchest.prefab
  artifactKey: Guid(516495b6dbb4c2c46920ae41ff63a7c5) Importer(815301076,1909f56bfc062723c751e8b465ee728b)
Start importing Assets/Low Poly Graveyard/Prefabs/humanchest.prefab using Guid(516495b6dbb4c2c46920ae41ff63a7c5) Importer(815301076,1909f56bfc062723c751e8b465ee728b)  -> (artifact id: '757ba2eae52ac14293ef4170e2236228') in 0.023342 seconds 
========================================================================
Received Import Request.
  Time since last request: 0.000068 seconds.
  path: Assets/Low Poly Graveyard/Prefabs/brokencross2.prefab
  artifactKey: Guid(80bee448bb3a2314396b907d54e4529d) Importer(815301076,1909f56bfc062723c751e8b465ee728b)
Start importing Assets/Low Poly Graveyard/Prefabs/brokencross2.prefab using Guid(80bee448bb3a2314396b907d54e4529d) Importer(815301076,1909f56bfc062723c751e8b465ee728b)  -> (artifact id: 'c47704c357028f5badc0720486ac2653') in 0.022597 seconds 
========================================================================
Received Import Request.
  Time since last request: 0.000077 seconds.
  path: Assets/Low Poly Graveyard/Prefabs/DemoScene_prefab.prefab
  artifactKey: Guid(78b7519a3bb8a894a8e3b287f50af51c) Importer(815301076,1909f56bfc062723c751e8b465ee728b)
Start importing Assets/Low Poly Graveyard/Prefabs/DemoScene_prefab.prefab using Guid(78b7519a3bb8a894a8e3b287f50af51c) Importer(815301076,1909f56bfc062723c751e8b465ee728b)  -> (artifact id: 'd9460877caa3cc95146ebcad231bb194') in 0.102203 seconds 
========================================================================
Received Import Request.
  Time since last request: 0.000064 seconds.
  path: Assets/Low Poly Graveyard/Prefabs/brokentombstone4.prefab
  artifactKey: Guid(079567f63ed456b4b992b5546f77a064) Importer(815301076,1909f56bfc062723c751e8b465ee728b)
Start importing Assets/Low Poly Graveyard/Prefabs/brokentombstone4.prefab using Guid(079567f63ed456b4b992b5546f77a064) Importer(815301076,1909f56bfc062723c751e8b465ee728b)  -> (artifact id: 'f65f7c486b377014c19e40e4e4685c28') in 0.016361 seconds 
========================================================================
Received Import Request.
  Time since last request: 0.000091 seconds.
  path: Assets/Low Poly Graveyard/Prefabs/brokencross3.prefab
  artifactKey: Guid(bc0fed5f263c82a42bf0164e20516387) Importer(815301076,1909f56bfc062723c751e8b465ee728b)
Start importing Assets/Low Poly Graveyard/Prefabs/brokencross3.prefab using Guid(bc0fed5f263c82a42bf0164e20516387) Importer(815301076,1909f56bfc062723c751e8b465ee728b)  -> (artifact id: '6701396d58d752dd12c9929cc40f204e') in 0.034281 seconds 
========================================================================
Received Import Request.
  Time since last request: 0.000069 seconds.
  path: Assets/Low Poly Graveyard/Prefabs/grave6.prefab
  artifactKey: Guid(d1958d257c44b484c9bb773aa3b222d1) Importer(815301076,1909f56bfc062723c751e8b465ee728b)
Start importing Assets/Low Poly Graveyard/Prefabs/grave6.prefab using Guid(d1958d257c44b484c9bb773aa3b222d1) Importer(815301076,1909f56bfc062723c751e8b465ee728b)  -> (artifact id: '843e1e606a50aecf96a65fc5af3369f9') in 0.020769 seconds 
========================================================================
Received Import Request.
  Time since last request: 0.000088 seconds.
  path: Assets/Low Poly Graveyard/Prefabs/brokentombstone1.prefab
  artifactKey: Guid(30ae1bb7dcd8b284698b5e1e1c9bb0e8) Importer(815301076,1909f56bfc062723c751e8b465ee728b)
Start importing Assets/Low Poly Graveyard/Prefabs/brokentombstone1.prefab using Guid(30ae1bb7dcd8b284698b5e1e1c9bb0e8) Importer(815301076,1909f56bfc062723c751e8b465ee728b)  -> (artifact id: '9af61f3e18611529192dac24f68fea7d') in 0.030484 seconds 
========================================================================
Received Import Request.
  Time since last request: 0.000149 seconds.
  path: Assets/Low Poly Graveyard/Prefabs/brokencross1.prefab
  artifactKey: Guid(46d841e7dc9993945ac39b9d889b0e75) Importer(815301076,1909f56bfc062723c751e8b465ee728b)
Start importing Assets/Low Poly Graveyard/Prefabs/brokencross1.prefab using Guid(46d841e7dc9993945ac39b9d889b0e75) Importer(815301076,1909f56bfc062723c751e8b465ee728b)  -> (artifact id: '384edb46692d47b956900c30274d497c') in 0.017994 seconds 
========================================================================
Received Import Request.
  Time since last request: 0.000072 seconds.
  path: Assets/Low Poly Graveyard/Prefabs/fence.prefab
  artifactKey: Guid(a0fd07c9db0ba024a879595b38c2c402) Importer(815301076,1909f56bfc062723c751e8b465ee728b)
Start importing Assets/Low Poly Graveyard/Prefabs/fence.prefab using Guid(a0fd07c9db0ba024a879595b38c2c402) Importer(815301076,1909f56bfc062723c751e8b465ee728b)  -> (artifact id: '2aa204dda6b35b22e722652d2c3cbefe') in 0.034405 seconds 
========================================================================
Received Import Request.
  Time since last request: 0.000085 seconds.
  path: Assets/Low Poly Graveyard/Prefabs/tombstone4.prefab
  artifactKey: Guid(25a277d583f3a9c4f99669e30b48271a) Importer(815301076,1909f56bfc062723c751e8b465ee728b)
Start importing Assets/Low Poly Graveyard/Prefabs/tombstone4.prefab using Guid(25a277d583f3a9c4f99669e30b48271a) Importer(815301076,1909f56bfc062723c751e8b465ee728b)  -> (artifact id: '2ffed09d56af45ae59cefb943969d774') in 0.019724 seconds 
========================================================================
Received Import Request.
  Time since last request: 0.000094 seconds.
  path: Assets/Low Poly Graveyard/Prefabs/grave4.prefab
  artifactKey: Guid(8ce8a0decba5f2348ad138738b234eca) Importer(815301076,1909f56bfc062723c751e8b465ee728b)
Start importing Assets/Low Poly Graveyard/Prefabs/grave4.prefab using Guid(8ce8a0decba5f2348ad138738b234eca) Importer(815301076,1909f56bfc062723c751e8b465ee728b)  -> (artifact id: '42879fa294382d5926c6dc7eeb21ecd6') in 0.021930 seconds 
========================================================================
Received Import Request.
  Time since last request: 0.000074 seconds.
  path: Assets/Low Poly Graveyard/Prefabs/flower1.prefab
  artifactKey: Guid(2b32b6f87beb6c443b402745f6cda510) Importer(815301076,1909f56bfc062723c751e8b465ee728b)
Start importing Assets/Low Poly Graveyard/Prefabs/flower1.prefab using Guid(2b32b6f87beb6c443b402745f6cda510) Importer(815301076,1909f56bfc062723c751e8b465ee728b)  -> (artifact id: '8a8de5b925d9547f31d0f8b46fe4bb77') in 0.015771 seconds 
========================================================================
Received Import Request.
  Time since last request: 0.000087 seconds.
  path: Assets/Low Poly Graveyard/Prefabs/grave1.prefab
  artifactKey: Guid(7f5abae2220262d448d1291734de367b) Importer(815301076,1909f56bfc062723c751e8b465ee728b)
Start importing Assets/Low Poly Graveyard/Prefabs/grave1.prefab using Guid(7f5abae2220262d448d1291734de367b) Importer(815301076,1909f56bfc062723c751e8b465ee728b)  -> (artifact id: '7b67060e7c2e7e04543915d8e8a70615') in 0.018986 seconds 
========================================================================
Received Import Request.
  Time since last request: 0.000107 seconds.
  path: Assets/Low Poly Graveyard/Prefabs/shovel.prefab
  artifactKey: Guid(53714cef8706cf24cb6cd8361c05e4a4) Importer(815301076,1909f56bfc062723c751e8b465ee728b)
Start importing Assets/Low Poly Graveyard/Prefabs/shovel.prefab using Guid(53714cef8706cf24cb6cd8361c05e4a4) Importer(815301076,1909f56bfc062723c751e8b465ee728b)  -> (artifact id: '82eebd8f68901968f071b8df8d79d41b') in 0.014548 seconds 
========================================================================
Received Import Request.
  Time since last request: 0.000081 seconds.
  path: Assets/Low Poly Graveyard/Prefabs/flower2.prefab
  artifactKey: Guid(b4ada2a5d661256468e028076a58995a) Importer(815301076,1909f56bfc062723c751e8b465ee728b)
Start importing Assets/Low Poly Graveyard/Prefabs/flower2.prefab using Guid(b4ada2a5d661256468e028076a58995a) Importer(815301076,1909f56bfc062723c751e8b465ee728b)  -> (artifact id: '99956fce3b346e4d8de4a7fa24c53a66') in 0.034223 seconds 
========================================================================
Received Import Request.
  Time since last request: 0.000075 seconds.
  path: Assets/Low Poly Graveyard/Prefabs/flower3.prefab
  artifactKey: Guid(361e926a44fe31e4597d5acb7ddc56c3) Importer(815301076,1909f56bfc062723c751e8b465ee728b)
Start importing Assets/Low Poly Graveyard/Prefabs/flower3.prefab using Guid(361e926a44fe31e4597d5acb7ddc56c3) Importer(815301076,1909f56bfc062723c751e8b465ee728b)  -> (artifact id: '5b077e0e63d42838b70a43a249484b27') in 0.018118 seconds 
========================================================================
Received Import Request.
  Time since last request: 11.107280 seconds.
  path: Assets/Scenes/graveyard.unity
  artifactKey: Guid(857d9100cb3e24bef83792539d7f25f4) Importer(815301076,1909f56bfc062723c751e8b465ee728b)
Start importing Assets/Scenes/graveyard.unity using Guid(857d9100cb3e24bef83792539d7f25f4) Importer(815301076,1909f56bfc062723c751e8b465ee728b)  -> (artifact id: 'dacbf15d346e53fbc8a4f56b1077525a') in 0.000977 seconds 
========================================================================
Received Import Request.
  Time since last request: 0.366745 seconds.
  path: Assets/Scenes/SampleScene.unity
  artifactKey: Guid(9fc0d4010bbf28b4594072e72b8655ab) Importer(815301076,1909f56bfc062723c751e8b465ee728b)
Start importing Assets/Scenes/SampleScene.unity using Guid(9fc0d4010bbf28b4594072e72b8655ab) Importer(815301076,1909f56bfc062723c751e8b465ee728b)  -> (artifact id: '18639a374ca75a6860767a41d1eef425') in 0.000841 seconds 
========================================================================
Received Import Request.
  Time since last request: 9.947204 seconds.
  path: Assets/FREE_Cartoon_Halloween_Pack/DemoScene
  artifactKey: Guid(428bad03c8fcb1b48be34d9b27be06a0) Importer(815301076,1909f56bfc062723c751e8b465ee728b)
Start importing Assets/FREE_Cartoon_Halloween_Pack/DemoScene using Guid(428bad03c8fcb1b48be34d9b27be06a0) Importer(815301076,1909f56bfc062723c751e8b465ee728b)  -> (artifact id: '174c37b0070d218d682afd377b299543') in 0.001075 seconds 
========================================================================
Received Import Request.
  Time since last request: 1.120688 seconds.
  path: Assets/FREE_Cartoon_Halloween_Pack/DemoScene/FREE_Cartoon_Halloween_Pack
  artifactKey: Guid(fc846e1a015550148ac829cfbc520370) Importer(815301076,1909f56bfc062723c751e8b465ee728b)
Start importing Assets/FREE_Cartoon_Halloween_Pack/DemoScene/FREE_Cartoon_Halloween_Pack using Guid(fc846e1a015550148ac829cfbc520370) Importer(815301076,1909f56bfc062723c751e8b465ee728b)  -> (artifact id: '111ce1afdd3e653c3ae8cbb81363cd7b') in 0.001004 seconds 
========================================================================
Received Import Request.
  Time since last request: 0.088332 seconds.
  path: Assets/FREE_Cartoon_Halloween_Pack/DemoScene/FREE_Cartoon_Halloween_Pack/LightingData.asset
  artifactKey: Guid(659cbb8a73a82be41939999c50b4aa8e) Importer(815301076,1909f56bfc062723c751e8b465ee728b)
Start importing Assets/FREE_Cartoon_Halloween_Pack/DemoScene/FREE_Cartoon_Halloween_Pack/LightingData.asset using Guid(659cbb8a73a82be41939999c50b4aa8e) Importer(815301076,1909f56bfc062723c751e8b465ee728b)  -> (artifact id: '6ca138035c806fca4c35bfd9b1936ff6') in 0.099145 seconds 
========================================================================
Received Import Request.
  Time since last request: 10.281375 seconds.
  path: Assets/FREE_Cartoon_Halloween_Pack/DemoScene/FREE_Cartoon_Halloween_Pack_Profiles/Free_Cartoon_Halloween_PostProcessProfile.asset
  artifactKey: Guid(c207cb92da02a8a41ae75f94b6aa3935) Importer(815301076,1909f56bfc062723c751e8b465ee728b)
Start importing Assets/FREE_Cartoon_Halloween_Pack/DemoScene/FREE_Cartoon_Halloween_Pack_Profiles/Free_Cartoon_Halloween_PostProcessProfile.asset using Guid(c207cb92da02a8a41ae75f94b6aa3935) Importer(815301076,1909f56bfc062723c751e8b465ee728b)  -> (artifact id: '4187b8011eba8e54ec3e0114f895e2dd') in 0.002992 seconds 
