Unity Editor version:    2021.3.10f1 (1c7d0df0160b)
Branch:                  2021.3/staging
Build type:              Release
Batch mode:              YES
macOS version:           Version 12.6 (Build 21G115)
Darwin version:          21.6.0
Architecture:            x86_64
Running under Rosetta:   NO
Available memory:        16384 MB
Using pre-set license
Pro License: YES

COMMAND LINE ARGUMENTS:
/Users/graceho/Unity/2021.3.10f1/Unity.app/Contents/MacOS/Unity
-adb2
-batchMode
-noUpm
-name
AssetImportWorker1
-projectPath
/Users/graceho/UCSC/classes/CMPM121/graveyardscene/graveyard
-logFile
Logs/AssetImportWorker1.log
-srvPort
53463
Successfully changed project path to: /Users/graceho/UCSC/classes/CMPM121/graveyardscene/graveyard
/Users/graceho/UCSC/classes/CMPM121/graveyardscene/graveyard
[UnityMemory] Configuration Parameters - Can be set up in boot.config
    "memorysetup-bucket-allocator-granularity=16"
    "memorysetup-bucket-allocator-bucket-count=8"
    "memorysetup-bucket-allocator-block-size=33554432"
    "memorysetup-bucket-allocator-block-count=8"
    "memorysetup-main-allocator-block-size=16777216"
    "memorysetup-thread-allocator-block-size=16777216"
    "memorysetup-gfx-main-allocator-block-size=16777216"
    "memorysetup-gfx-thread-allocator-block-size=16777216"
    "memorysetup-cache-allocator-block-size=4194304"
    "memorysetup-typetree-allocator-block-size=2097152"
    "memorysetup-profiler-bucket-allocator-granularity=16"
    "memorysetup-profiler-bucket-allocator-bucket-count=8"
    "memorysetup-profiler-bucket-allocator-block-size=33554432"
    "memorysetup-profiler-bucket-allocator-block-count=8"
    "memorysetup-profiler-allocator-block-size=16777216"
    "memorysetup-profiler-editor-allocator-block-size=1048576"
    "memorysetup-temp-allocator-size-main=16777216"
    "memorysetup-job-temp-allocator-block-size=2097152"
    "memorysetup-job-temp-allocator-block-size-background=1048576"
    "memorysetup-job-temp-allocator-reduction-small-platforms=262144"
    "memorysetup-temp-allocator-size-background-worker=32768"
    "memorysetup-temp-allocator-size-job-worker=262144"
    "memorysetup-temp-allocator-size-preload-manager=33554432"
    "memorysetup-temp-allocator-size-nav-mesh-worker=65536"
    "memorysetup-temp-allocator-size-audio-worker=65536"
    "memorysetup-temp-allocator-size-cloud-worker=32768"
    "memorysetup-temp-allocator-size-gi-baking-worker=262144"
    "memorysetup-temp-allocator-size-gfx=262144"
Refreshing native plugins compatible for Editor in 106.99 ms, found 2 plugins.
Preloading 0 native plugins for Editor in 0.00 ms.
Initialize engine version: 2021.3.10f1 (1c7d0df0160b)
[Subsystems] Discovering subsystems at path /Users/graceho/Unity/2021.3.10f1/Unity.app/Contents/Resources/UnitySubsystems
[Subsystems] Discovering subsystems at path /Users/graceho/UCSC/classes/CMPM121/graveyardscene/graveyard/Assets
GfxDevice: creating device client; threaded=0; jobified=0
HP 24uh preferred device: Intel(R) Iris(TM) Plus Graphics 655 (low power)
Metal devices available: 1
0: Intel(R) Iris(TM) Plus Graphics 655 (low power)
Using device Intel(R) Iris(TM) Plus Graphics 655 (low power)
Initializing Metal device caps: Intel(R) Iris(TM) Plus Graphics 655
Initialize mono
Mono path[0] = '/Users/graceho/Unity/2021.3.10f1/Unity.app/Contents/Managed'
Mono path[1] = '/Users/graceho/Unity/2021.3.10f1/Unity.app/Contents/MonoBleedingEdge/lib/mono/unityjit-macos'
Mono config path = '/Users/graceho/Unity/2021.3.10f1/Unity.app/Contents/MonoBleedingEdge/etc'
Using monoOptions --debugger-agent=transport=dt_socket,embedding=1,server=y,suspend=n,address=127.0.0.1:56944
Begin MonoManager ReloadAssembly
Registering precompiled unity dll's ...
Register platform support module: /Users/graceho/Unity/2021.3.10f1/Unity.app/Contents/PlaybackEngines/MacStandaloneSupport/UnityEditor.OSXStandalone.Extensions.dll
Registered in 0.000729 seconds.
Native extension for OSXStandalone target not found
Refreshing native plugins compatible for Editor in 108.60 ms, found 2 plugins.
Preloading 0 native plugins for Editor in 0.00 ms.
Mono: successfully reloaded assembly
- Completed reload, in  0.853 seconds
Domain Reload Profiling:
	ReloadAssembly (853ms)
		BeginReloadAssembly (66ms)
			ExecutionOrderSort (0ms)
			DisableScriptedObjects (0ms)
			BackupInstance (0ms)
			ReleaseScriptingObjects (0ms)
			CreateAndSetChildDomain (1ms)
		EndReloadAssembly (639ms)
			LoadAssemblies (65ms)
			RebuildTransferFunctionScriptingTraits (0ms)
			SetupTypeCache (160ms)
			ReleaseScriptCaches (0ms)
			RebuildScriptCaches (45ms)
			SetupLoadedEditorAssemblies (368ms)
				LogAssemblyErrors (0ms)
				InitializePlatformSupportModulesInManaged (7ms)
				SetLoadedEditorAssemblies (0ms)
				RefreshPlugins (109ms)
				BeforeProcessingInitializeOnLoad (1ms)
				ProcessInitializeOnLoadAttributes (192ms)
				ProcessInitializeOnLoadMethodAttributes (58ms)
				AfterProcessingInitializeOnLoad (0ms)
				EditorAssembliesLoaded (0ms)
			ExecutionOrderSort2 (0ms)
			AwakeInstancesAfterBackupRestoration (0ms)
Platform modules already initialized, skipping
Registering precompiled user dll's ...
Registered in 0.002421 seconds.
Begin MonoManager ReloadAssembly
Symbol file LoadedFromMemory doesn't match image /Users/graceho/UCSC/classes/CMPM121/graveyardscene/graveyard/Library/PackageCache/com.unity.visualscripting@1.7.8/Editor/VisualScripting.Core/Dependencies/YamlDotNet/Unity.VisualScripting.YamlDotNet.dll
Symbol file LoadedFromMemory doesn't match image /Users/graceho/UCSC/classes/CMPM121/graveyardscene/graveyard/Library/PackageCache/com.unity.visualscripting@1.7.8/Editor/VisualScripting.Core/Dependencies/DotNetZip/Unity.VisualScripting.IonicZip.dll
Native extension for OSXStandalone target not found
Refreshing native plugins compatible for Editor in 0.55 ms, found 2 plugins.
Preloading 0 native plugins for Editor in 0.00 ms.
Mono: successfully reloaded assembly
- Completed reload, in  1.327 seconds
Domain Reload Profiling:
	ReloadAssembly (1328ms)
		BeginReloadAssembly (123ms)
			ExecutionOrderSort (0ms)
			DisableScriptedObjects (9ms)
			BackupInstance (0ms)
			ReleaseScriptingObjects (0ms)
			CreateAndSetChildDomain (27ms)
		EndReloadAssembly (1055ms)
			LoadAssemblies (75ms)
			RebuildTransferFunctionScriptingTraits (0ms)
			SetupTypeCache (374ms)
			ReleaseScriptCaches (1ms)
			RebuildScriptCaches (70ms)
			SetupLoadedEditorAssemblies (467ms)
				LogAssemblyErrors (0ms)
				InitializePlatformSupportModulesInManaged (5ms)
				SetLoadedEditorAssemblies (1ms)
				RefreshPlugins (1ms)
				BeforeProcessingInitializeOnLoad (99ms)
				ProcessInitializeOnLoadAttributes (324ms)
				ProcessInitializeOnLoadMethodAttributes (37ms)
				AfterProcessingInitializeOnLoad (1ms)
				EditorAssembliesLoaded (0ms)
			ExecutionOrderSort2 (0ms)
			AwakeInstancesAfterBackupRestoration (5ms)
Platform modules already initialized, skipping
========================================================================
Worker process is ready to serve import requests
Launching external process: /Users/graceho/Unity/2021.3.10f1/Unity.app/Contents/Tools/UnityShaderCompiler
Launched and connected shader compiler UnityShaderCompiler after 0.07 seconds
Refreshing native plugins compatible for Editor in 0.63 ms, found 2 plugins.
Preloading 0 native plugins for Editor in 0.00 ms.
Unloading 3380 Unused Serialized files (Serialized files now loaded: 0)
Unloading 26 unused Assets / (134.1 KB). Loaded Objects now: 3857.
Memory consumption went from 236.2 MB to 236.1 MB.
Total: 4.012648 ms (FindLiveObjects: 0.353883 ms CreateObjectMapping: 0.242093 ms MarkObjects: 3.297697 ms  DeleteObjects: 0.117756 ms)

AssetImportParameters requested are different than current active one (requested -> active):
  custom:video-decoder-ogg-theora: a1e56fd34408186e4bbccfd4996cb3dc -> 
  custom:container-muxer-webm: aa71ff27fc2769a1b78a27578f13a17b -> 
  custom:container-demuxer-webm: 4f35f7cbe854078d1ac9338744f61a02 -> 
  custom:video-encoder-webm-vp8: eb34c28f22e8b96e1ab97ce403110664 -> 
  custom:framework-osx-AVFoundation: e770b220cccbd017edd2c1fefb359320 -> 
  custom:audio-encoder-webm-vorbis: bf7c407c2cedff20999df2af8eb42d56 -> 
  custom:container-demuxer-ogg: 62fdf1f143b41e24485cea50d1cbac27 -> 
  custom:video-decoder-webm-vp8: 9c59270c3fd7afecdb556c50c9e8de78 -> 
  custom:audio-decoder-ogg-vorbis: bf7c407c2cedff20999df2af8eb42d56 -> 
========================================================================
Received Import Request.
  Time since last request: 202179.673469 seconds.
  path: Assets
  artifactKey: Guid(00000000000000001000000000000000) Importer(815301076,1909f56bfc062723c751e8b465ee728b)
Start importing Assets using Guid(00000000000000001000000000000000) Importer(815301076,1909f56bfc062723c751e8b465ee728b)  -> (artifact id: '79842766b460edbeab6a34051e857a80') in 0.006952 seconds 
========================================================================
Received Import Request.
  Time since last request: 123.719735 seconds.
  path: Assets/Low Poly Graveyard/Prefabs/bone1.prefab
  artifactKey: Guid(59f35b235fd106e4fbc636fdb2630276) Importer(815301076,1909f56bfc062723c751e8b465ee728b)
Start importing Assets/Low Poly Graveyard/Prefabs/bone1.prefab using Guid(59f35b235fd106e4fbc636fdb2630276) Importer(815301076,1909f56bfc062723c751e8b465ee728b)  -> (artifact id: 'bf6e14bce59518a9e4b48e1d542622c9') in 0.630702 seconds 
========================================================================
Received Import Request.
  Time since last request: 0.000081 seconds.
  path: Assets/Low Poly Graveyard/Prefabs/buried grave1.prefab
  artifactKey: Guid(600b4ca9705246548bddc141bb709a9a) Importer(815301076,1909f56bfc062723c751e8b465ee728b)
Start importing Assets/Low Poly Graveyard/Prefabs/buried grave1.prefab using Guid(600b4ca9705246548bddc141bb709a9a) Importer(815301076,1909f56bfc062723c751e8b465ee728b)  -> (artifact id: 'd08c84fb7ea29dfa65dc1ccaeeb82768') in 0.055515 seconds 
========================================================================
Received Import Request.
  Time since last request: 0.000095 seconds.
  path: Assets/Low Poly Graveyard/Prefabs/cross2.prefab
  artifactKey: Guid(64cdb02c727e527448ff37a4333d8586) Importer(815301076,1909f56bfc062723c751e8b465ee728b)
Start importing Assets/Low Poly Graveyard/Prefabs/cross2.prefab using Guid(64cdb02c727e527448ff37a4333d8586) Importer(815301076,1909f56bfc062723c751e8b465ee728b)  -> (artifact id: 'bdf05d8ec1beb757af5283aa471d3715') in 0.019409 seconds 
========================================================================
Received Import Request.
  Time since last request: 0.000148 seconds.
  path: Assets/Low Poly Graveyard/Prefabs/grave3.prefab
  artifactKey: Guid(d5df6ae7cc5eb3f40a81dba12f4b7989) Importer(815301076,1909f56bfc062723c751e8b465ee728b)
Start importing Assets/Low Poly Graveyard/Prefabs/grave3.prefab using Guid(d5df6ae7cc5eb3f40a81dba12f4b7989) Importer(815301076,1909f56bfc062723c751e8b465ee728b)  -> (artifact id: '82fd2d455280ac370dc5f6220294591c') in 0.015855 seconds 
========================================================================
Received Import Request.
  Time since last request: 0.000096 seconds.
  path: Assets/Low Poly Graveyard/Prefabs/coffin.prefab
  artifactKey: Guid(f934345242e7f734992f098ab6423238) Importer(815301076,1909f56bfc062723c751e8b465ee728b)
Start importing Assets/Low Poly Graveyard/Prefabs/coffin.prefab using Guid(f934345242e7f734992f098ab6423238) Importer(815301076,1909f56bfc062723c751e8b465ee728b)  -> (artifact id: '26607575eb15bd8953f0fb06b4cec577') in 0.015811 seconds 
========================================================================
Received Import Request.
  Time since last request: 0.000066 seconds.
  path: Assets/Low Poly Graveyard/Prefabs/grave8.prefab
  artifactKey: Guid(9eb22df59167cf543ac139f28667c909) Importer(815301076,1909f56bfc062723c751e8b465ee728b)
Start importing Assets/Low Poly Graveyard/Prefabs/grave8.prefab using Guid(9eb22df59167cf543ac139f28667c909) Importer(815301076,1909f56bfc062723c751e8b465ee728b)  -> (artifact id: 'f55834cbe777c7b73fb609ff4a700238') in 0.033334 seconds 
========================================================================
Received Import Request.
  Time since last request: 0.000098 seconds.
  path: Assets/Low Poly Graveyard/Prefabs/tombstone3.prefab
  artifactKey: Guid(943dd87299b0c494f9d180a3c21aeafa) Importer(815301076,1909f56bfc062723c751e8b465ee728b)
Start importing Assets/Low Poly Graveyard/Prefabs/tombstone3.prefab using Guid(943dd87299b0c494f9d180a3c21aeafa) Importer(815301076,1909f56bfc062723c751e8b465ee728b)  -> (artifact id: 'ca214256dab0101a8502b0e437b1bf6d') in 0.015433 seconds 
========================================================================
Received Import Request.
  Time since last request: 0.000144 seconds.
  path: Assets/Low Poly Graveyard/Prefabs/grave5.prefab
  artifactKey: Guid(be0a80f4a4e6e2548920653bce9ad844) Importer(815301076,1909f56bfc062723c751e8b465ee728b)
Start importing Assets/Low Poly Graveyard/Prefabs/grave5.prefab using Guid(be0a80f4a4e6e2548920653bce9ad844) Importer(815301076,1909f56bfc062723c751e8b465ee728b)  -> (artifact id: 'fa5783af6fdae14038205f55ac5899a1') in 0.035747 seconds 
========================================================================
Received Import Request.
  Time since last request: 0.000064 seconds.
  path: Assets/Low Poly Graveyard/Prefabs/cross1.prefab
  artifactKey: Guid(9d9b8bb6415028e488ab9999685f4c5b) Importer(815301076,1909f56bfc062723c751e8b465ee728b)
Start importing Assets/Low Poly Graveyard/Prefabs/cross1.prefab using Guid(9d9b8bb6415028e488ab9999685f4c5b) Importer(815301076,1909f56bfc062723c751e8b465ee728b)  -> (artifact id: 'a00fb8839d65ab049062d79cbd62b657') in 0.018085 seconds 
========================================================================
Received Import Request.
  Time since last request: 0.000090 seconds.
  path: Assets/Low Poly Graveyard/Prefabs/tombstone2.prefab
  artifactKey: Guid(0d22b74d1760ba64195e00a3cf60edca) Importer(815301076,1909f56bfc062723c751e8b465ee728b)
Start importing Assets/Low Poly Graveyard/Prefabs/tombstone2.prefab using Guid(0d22b74d1760ba64195e00a3cf60edca) Importer(815301076,1909f56bfc062723c751e8b465ee728b)  -> (artifact id: 'b5cc97f452554bef193a473e130e89a8') in 0.034307 seconds 
========================================================================
Received Import Request.
  Time since last request: 0.000183 seconds.
  path: Assets/Low Poly Graveyard/Prefabs/coffinroof.prefab
  artifactKey: Guid(b07873fad96387146b4236aa8505b45f) Importer(815301076,1909f56bfc062723c751e8b465ee728b)
Start importing Assets/Low Poly Graveyard/Prefabs/coffinroof.prefab using Guid(b07873fad96387146b4236aa8505b45f) Importer(815301076,1909f56bfc062723c751e8b465ee728b)  -> (artifact id: '194b31819eb6bd63389d45e5356041c7') in 0.017773 seconds 
========================================================================
Received Import Request.
  Time since last request: 0.000085 seconds.
  path: Assets/Low Poly Graveyard/Prefabs/grass.prefab
  artifactKey: Guid(55b8b179032238b40883e0ac64d93d32) Importer(815301076,1909f56bfc062723c751e8b465ee728b)
Start importing Assets/Low Poly Graveyard/Prefabs/grass.prefab using Guid(55b8b179032238b40883e0ac64d93d32) Importer(815301076,1909f56bfc062723c751e8b465ee728b)  -> (artifact id: 'd7e6046a9b2c442c9e23b67dda82c3f5') in 0.033137 seconds 
========================================================================
Received Import Request.
  Time since last request: 0.000108 seconds.
  path: Assets/Low Poly Graveyard/Prefabs/tombstonesign.prefab
  artifactKey: Guid(137e6961bdc5e114eaa5cdb5965c8f83) Importer(815301076,1909f56bfc062723c751e8b465ee728b)
Start importing Assets/Low Poly Graveyard/Prefabs/tombstonesign.prefab using Guid(137e6961bdc5e114eaa5cdb5965c8f83) Importer(815301076,1909f56bfc062723c751e8b465ee728b)  -> (artifact id: '9358625e1932857a444f700ae1c761eb') in 0.018223 seconds 
========================================================================
Received Import Request.
  Time since last request: 0.000090 seconds.
  path: Assets/Low Poly Graveyard/Prefabs/brokentombstone2.prefab
  artifactKey: Guid(f8197b56c6c60e84b8b48ffd0c5b4e9c) Importer(815301076,1909f56bfc062723c751e8b465ee728b)
Start importing Assets/Low Poly Graveyard/Prefabs/brokentombstone2.prefab using Guid(f8197b56c6c60e84b8b48ffd0c5b4e9c) Importer(815301076,1909f56bfc062723c751e8b465ee728b)  -> (artifact id: 'd3965fe51cff2e579514f1f754274444') in 0.034749 seconds 
========================================================================
Received Import Request.
  Time since last request: 0.000053 seconds.
  path: Assets/Low Poly Graveyard/Prefabs/grave2.prefab
  artifactKey: Guid(9aef0954b7d7800499562cb9bdfd28e1) Importer(815301076,1909f56bfc062723c751e8b465ee728b)
Start importing Assets/Low Poly Graveyard/Prefabs/grave2.prefab using Guid(9aef0954b7d7800499562cb9bdfd28e1) Importer(815301076,1909f56bfc062723c751e8b465ee728b)  -> (artifact id: '1eaf1379e124efdfadddfa12e8dcf430') in 0.015443 seconds 
========================================================================
Received Import Request.
  Time since last request: 0.000064 seconds.
  path: Assets/Low Poly Graveyard/Prefabs/bone2.prefab
  artifactKey: Guid(4deb464c1e0d6de458e47f74287b69b8) Importer(815301076,1909f56bfc062723c751e8b465ee728b)
Start importing Assets/Low Poly Graveyard/Prefabs/bone2.prefab using Guid(4deb464c1e0d6de458e47f74287b69b8) Importer(815301076,1909f56bfc062723c751e8b465ee728b)  -> (artifact id: 'ad79893bcc6ac02093bebec370db92f3') in 0.017987 seconds 
========================================================================
Received Import Request.
  Time since last request: 0.000074 seconds.
  path: Assets/Low Poly Graveyard/Prefabs/brokentombstone3.prefab
  artifactKey: Guid(791f6d86b0466b54bb5d89e40ae60019) Importer(815301076,1909f56bfc062723c751e8b465ee728b)
Start importing Assets/Low Poly Graveyard/Prefabs/brokentombstone3.prefab using Guid(791f6d86b0466b54bb5d89e40ae60019) Importer(815301076,1909f56bfc062723c751e8b465ee728b)  -> (artifact id: '142356df327f1321aa3509e833811d32') in 0.014753 seconds 
========================================================================
Received Import Request.
  Time since last request: 0.000117 seconds.
  path: Assets/Low Poly Graveyard/Prefabs/buried grave2.prefab
  artifactKey: Guid(ad738a6f9b3f1054e96395e09e05cad0) Importer(815301076,1909f56bfc062723c751e8b465ee728b)
Start importing Assets/Low Poly Graveyard/Prefabs/buried grave2.prefab using Guid(ad738a6f9b3f1054e96395e09e05cad0) Importer(815301076,1909f56bfc062723c751e8b465ee728b)  -> (artifact id: '9f0adc4e872f5ac85249cd230342ff3b') in 0.015352 seconds 
========================================================================
Received Import Request.
  Time since last request: 0.000118 seconds.
  path: Assets/Low Poly Graveyard/Prefabs/grave7.prefab
  artifactKey: Guid(42a171cf451b4d64399d37a24140f30c) Importer(815301076,1909f56bfc062723c751e8b465ee728b)
Start importing Assets/Low Poly Graveyard/Prefabs/grave7.prefab using Guid(42a171cf451b4d64399d37a24140f30c) Importer(815301076,1909f56bfc062723c751e8b465ee728b)  -> (artifact id: '5dbc480426f739f5566e193753da41aa') in 0.023211 seconds 
========================================================================
Received Import Request.
  Time since last request: 0.000128 seconds.
  path: Assets/Low Poly Graveyard/Prefabs/sjull.prefab
  artifactKey: Guid(8b8c447cd66c53e42a05b5863a88c1b3) Importer(815301076,1909f56bfc062723c751e8b465ee728b)
Start importing Assets/Low Poly Graveyard/Prefabs/sjull.prefab using Guid(8b8c447cd66c53e42a05b5863a88c1b3) Importer(815301076,1909f56bfc062723c751e8b465ee728b)  -> (artifact id: '8b573e6909b8afb018718ca9f512bc3c') in 0.039139 seconds 
========================================================================
Received Import Request.
  Time since last request: 0.000142 seconds.
  path: Assets/Low Poly Graveyard/Prefabs/skeleton.prefab
  artifactKey: Guid(39f905046dc03414f8baad7aa032a723) Importer(815301076,1909f56bfc062723c751e8b465ee728b)
Start importing Assets/Low Poly Graveyard/Prefabs/skeleton.prefab using Guid(39f905046dc03414f8baad7aa032a723) Importer(815301076,1909f56bfc062723c751e8b465ee728b)  -> (artifact id: '10ed9cb53b0cde81dcadc4a26b37f85d') in 0.033394 seconds 
